\BOOKMARK [1][-]{section.0.1}{Introduction}{}% 1
\BOOKMARK [2][-]{subsection.0.1.1}{Bibliography}{section.0.1}% 2
\BOOKMARK [1][-]{section.0.2}{Higgs boson precision measurements}{}% 3
\BOOKMARK [2][-]{subsection.0.2.1}{Introduction}{section.0.2}% 4
\BOOKMARK [2][-]{subsection.0.2.2}{Theoretical predictions for the Higgs boson production at 14 and 27 TeV}{section.0.2}% 5
\BOOKMARK [3][-]{subsubsection.0.2.2.1}{PDF uncertainty expectations at the HE/HL-LHC}{subsection.0.2.2}% 6
\BOOKMARK [3][-]{subsubsection.0.2.2.2}{Progress on Higgs boson specific MC generators}{subsection.0.2.2}% 7
\BOOKMARK [2][-]{subsection.0.2.3}{Overview of experimental analysis for the Higgs boson measurement channels}{section.0.2}% 8
\BOOKMARK [3][-]{subsubsection.0.2.3.1}{Extrapolation assumptions}{subsection.0.2.3}% 9
\BOOKMARK [3][-]{subsubsection.0.2.3.2}{H }{subsection.0.2.3}% 10
\BOOKMARK [3][-]{subsubsection.0.2.3.3}{H Z2}{subsection.0.2.3}% 11
\BOOKMARK [3][-]{subsubsection.0.2.3.4}{H ZZ* 4}{subsection.0.2.3}% 12
\BOOKMARK [3][-]{subsubsection.0.2.3.5}{H WW* }{subsection.0.2.3}% 13
\BOOKMARK [3][-]{subsubsection.0.2.3.6}{H }{subsection.0.2.3}% 14
\BOOKMARK [3][-]{subsubsection.0.2.3.7}{H bb}{subsection.0.2.3}% 15
\BOOKMARK [3][-]{subsubsection.0.2.3.8}{H }{subsection.0.2.3}% 16
\BOOKMARK [2][-]{subsection.0.2.4}{Fiducial and differential cross-section measurements}{section.0.2}% 17
\BOOKMARK [3][-]{subsubsection.0.2.4.1}{Measurements using H , H ZZ* 4, \(boosted\) Hbb \040decay channels}{subsection.0.2.4}% 18
\BOOKMARK [3][-]{subsubsection.0.2.4.2}{Measurement of pT\(H\) spectrum in ttH production mode}{subsection.0.2.4}% 19
\BOOKMARK [2][-]{subsection.0.2.5}{Direct and indirect probing of top Yukawa coupling}{section.0.2}% 20
\BOOKMARK [3][-]{subsubsection.0.2.5.1}{Measurements in ttH and tH production modes}{subsection.0.2.5}% 21
\BOOKMARK [3][-]{subsubsection.0.2.5.2}{Constraints from differential measurements}{subsection.0.2.5}% 22
\BOOKMARK [2][-]{subsection.0.2.6}{Combination of Higgs boson measurement projections}{section.0.2}% 23
\BOOKMARK [3][-]{subsubsection.0.2.6.1}{Signal strength per-decay mode}{subsection.0.2.6}% 24
\BOOKMARK [3][-]{subsubsection.0.2.6.2}{Signal strength per-production mode}{subsection.0.2.6}% 25
\BOOKMARK [2][-]{subsection.0.2.7}{Kappa interpretation of the combined Higgs boson measurement projections}{section.0.2}% 26
\BOOKMARK [2][-]{subsection.0.2.8}{Kappa-formalism and the nonlinear EFT}{section.0.2}% 27
\BOOKMARK [2][-]{subsection.0.2.9}{Higgs couplings precision overview in the Kappa-framework and the nonlinear EFT}{section.0.2}% 28
\BOOKMARK [3][-]{subsubsection.0.2.9.1}{The fit to HL/HE-LHC Higgs precision data}{subsection.0.2.9}% 29
\BOOKMARK [3][-]{subsubsection.0.2.9.2}{Results}{subsection.0.2.9}% 30
\BOOKMARK [2][-]{subsection.0.2.10}{Projections of Higgs boson measurements to the HE-LHC}{section.0.2}% 31
\BOOKMARK [2][-]{subsection.0.2.11}{Probing of anomalous HVV interactions}{section.0.2}% 32
\BOOKMARK [3][-]{subsubsection.0.2.11.1}{Probes using differential distributions of CP sensitive observables}{subsection.0.2.11}% 33
\BOOKMARK [3][-]{subsubsection.0.2.11.2}{Experimental constraints on anomalous HVV couplings}{subsection.0.2.11}% 34
\BOOKMARK [2][-]{subsection.0.2.12}{Summary}{section.0.2}% 35
